// 重构日志: 7894f47f
// 重构日志: 4a304091
// 重构日志: 7d82fe01
// 重构日志: cc7d8676
// 重构日志: bf8a02fe
// 同步 ID: 6c5f44bb @ Thu May  7 08:31:44 UTC 2026
// 重构日志: b1e9f4ad
// 同步 ID: 461cefcf @ Fri May  8 11:10:56 UTC 2026
// 重构日志: e972d765
// 同步 ID: 7222f430 @ Sat May  9 11:19:34 UTC 2026
// 重构日志: 6a0b2efa
// 重构日志: c376e679
// 同步 ID: 450f66fb @ Sun May 10 12:07:57 UTC 2026
// 重构日志: a8ee45c3
// 重构日志: 6d1b1784
// 同步 ID: c2e0560d @ Thu May 14 09:13:14 UTC 2026
// 重构日志: 843e24bc
// 重构日志: 4cbf4067
// 重构日志: ada1c95e
// 重构日志: 6cc0b91d
